{"level":"info","message":"GET /login"}
{"level":"info","message":"GET /register"}
{"level":"info","message":"POST /register"}
{"level":"info","message":"User registered successfully"}
{"level":"info","message":"GET /login"}
{"level":"info","message":"GET /login"}
{"level":"info","message":"GET /login"}
{"level":"info","message":"GET /login"}
{"level":"info","message":"GET /register"}
{"level":"info","message":"GET /login"}
{"level":"info","message":"POST /login"}
{"level":"info","message":"User logged in successfully"}
{"level":"info","message":"GET /dashboard"}
{"level":"info","message":"POST /login"}
{"level":"info","message":"User logged in successfully"}
{"level":"info","message":"GET /dashboard"}
{"level":"info","message":"GET /register"}
{"level":"info","message":"POST /register"}
{"level":"info","message":"User registered successfully"}
{"level":"info","message":"GET /login"}
{"level":"info","message":"POST /login"}
{"level":"info","message":"User logged in successfully"}
{"level":"info","message":"GET /dashboard"}
{"level":"info","message":"POST /login"}
{"level":"info","message":"User logged in successfully"}
{"level":"info","message":"GET /dashboard"}
{"level":"info","message":"POST /login"}
{"level":"info","message":"POST /login"}
{"level":"info","message":"User logged in successfully"}
{"level":"info","message":"User logged in successfully"}
{"level":"info","message":"POST /login"}
{"level":"info","message":"User logged in successfully"}
{"level":"info","message":"GET /dashboard"}
{"level":"info","message":"GET /dashboard"}
{"level":"info","message":"GET /dashboard"}
{"level":"info","message":"POST /login"}
{"level":"info","message":"User logged in successfully"}
{"level":"info","message":"GET /dashboard"}
{"level":"info","message":"POST /login"}
{"level":"info","message":"POST /login"}
{"level":"info","message":"User logged in successfully"}
{"level":"info","message":"POST /login"}
{"level":"info","message":"User logged in successfully"}
{"level":"info","message":"POST /login"}
{"level":"info","message":"GET /dashboard"}
{"level":"info","message":"User logged in successfully"}
{"level":"info","message":"POST /login"}
{"level":"info","message":"GET /dashboard"}
{"level":"info","message":"User logged in successfully"}
{"level":"info","message":"POST /login"}
{"level":"info","message":"GET /dashboard"}
{"level":"info","message":"GET /dashboard"}
{"level":"info","message":"User logged in successfully"}
{"level":"info","message":"GET /dashboard"}
{"level":"info","message":"User logged in successfully"}
{"level":"info","message":"POST /login"}
{"level":"info","message":"GET /dashboard"}
{"level":"info","message":"User logged in successfully"}
{"level":"info","message":"GET /dashboard"}
{"level":"info","message":"POST /login"}
{"level":"info","message":"User logged in successfully"}
{"level":"info","message":"GET /dashboard"}
{"level":"info","message":"POST /login"}
{"level":"info","message":"User logged in successfully"}
{"level":"info","message":"GET /dashboard"}
{"level":"info","message":"GET /login"}
{"level":"info","message":"GET /login"}
{"level":"info","message":"POST /login"}
{"level":"info","message":"User logged in successfully"}
{"level":"info","message":"GET /dashboard"}
{"level":"info","message":"POST /login"}
{"level":"info","message":"User logged in successfully"}
{"level":"info","message":"GET /dashboard"}
{"level":"info","message":"GET /login"}
{"level":"info","message":"POST /login"}
{"level":"info","message":"User logged in successfully"}
{"level":"info","message":"GET /dashboard"}
{"level":"info","message":"POST /login"}
{"level":"info","message":"User logged in successfully"}
{"level":"info","message":"GET /dashboard"}
{"level":"info","message":"GET /login"}
{"level":"info","message":"POST /login"}
{"level":"info","message":"User logged in successfully"}
{"level":"info","message":"GET /dashboard"}
{"level":"info","message":"GET /dashboard"}
{"level":"info","message":"GET /dashboard"}
{"level":"info","message":"GET /dashboard"}
{"level":"info","message":"GET /dashboard"}
{"level":"info","message":"GET /dashboard"}
{"level":"info","message":"GET /dashboard"}
{"level":"info","message":"GET /dashboard"}
{"level":"info","message":"GET /dashboard"}
{"level":"info","message":"GET /dashboard"}
{"level":"info","message":"GET /dashboard"}
{"level":"info","message":"GET /dashboard"}
{"level":"info","message":"GET /dashboard"}
{"level":"info","message":"GET /dashboard"}
{"level":"info","message":"GET /dashboard"}
{"level":"info","message":"GET /dashboard"}
{"level":"info","message":"GET /dashboard"}
{"level":"info","message":"GET /dashboard"}
{"level":"info","message":"GET /login"}
{"level":"info","message":"GET /login"}
{"level":"info","message":"GET /login"}
{"level":"info","message":"POST /login"}
{"level":"error","message":"Invalid credentials"}
{"level":"info","message":"POST /login"}
{"level":"info","message":"User logged in successfully"}
{"level":"info","message":"GET /dashboard"}
{"level":"info","message":"GET /dashboard"}
{"level":"info","message":"GET /login"}
{"level":"info","message":"POST /login"}
{"level":"info","message":"User logged in successfully"}
{"level":"info","message":"GET /dashboard"}
{"level":"info","message":"GET /company-reviews"}
{"level":"info","message":"GET /company-reviews"}
{"level":"info","message":"GET /company-reviews"}
{"level":"info","message":"GET /company-reviews"}
{"level":"info","message":"GET /login"}
{"level":"info","message":"GET /dashboard"}
{"level":"info","message":"GET /company-reviews"}
{"level":"info","message":"GET /company-reviews"}
{"level":"info","message":"GET /company-reviews"}
{"level":"info","message":"GET /dashboard"}
{"level":"info","message":"GET /company-reviews"}
{"level":"info","message":"GET /company-reviews"}
{"level":"info","message":"GET /dashboard"}
{"level":"info","message":"GET /company-reviews"}
{"level":"info","message":"GET /company-reviews"}
{"level":"info","message":"GET /company-reviews"}
{"level":"info","message":"GET /company-reviews"}
{"level":"info","message":"GET /company-reviews"}
{"level":"info","message":"GET /company-reviews"}
{"level":"info","message":"GET /dashboard"}
{"level":"info","message":"GET /company-reviews"}
{"level":"info","message":"GET /company-reviews"}
{"level":"info","message":"GET /company-reviews"}
{"level":"info","message":"GET /dashboard"}
{"level":"info","message":"GET /company-reviews"}
{"level":"info","message":"GET /company-reviews"}
{"level":"info","message":"GET /company-reviews"}
{"level":"info","message":"GET /dashboard"}
{"level":"info","message":"GET /dashboard"}
{"level":"info","message":"GET /company-reviews"}
{"level":"info","message":"GET /company-reviews"}
{"level":"info","message":"GET /dashboard"}
{"level":"info","message":"GET /company-reviews"}
{"level":"info","message":"GET /company-reviews"}
{"level":"info","message":"GET /company-reviews"}
{"level":"info","message":"GET /company-reviews"}
{"level":"info","message":"GET /dashboard"}
{"level":"info","message":"GET /company-reviews"}
{"level":"info","message":"GET /dashboard"}
{"level":"info","message":"GET /dashboard"}
{"level":"info","message":"GET /company-reviews"}
{"level":"info","message":"GET /company-reviews"}
{"level":"info","message":"GET /dashboard"}
{"level":"info","message":"GET /dashboard"}
{"level":"info","message":"GET /dashboard"}
{"level":"info","message":"GET /dashboard"}
{"level":"info","message":"GET /dashboard"}
{"level":"info","message":"GET /login"}
{"level":"info","message":"GET /login"}
{"level":"info","message":"GET /login"}
{"level":"info","message":"POST /login"}
{"level":"info","message":"User logged in successfully"}
{"level":"info","message":"GET /dashboard"}
{"level":"info","message":"GET /company-reviews"}
{"level":"info","message":"GET /dashboard"}
{"level":"info","message":"GET /logout"}
{"level":"info","message":"GET /login"}
{"level":"info","message":"POST /login"}
{"level":"info","message":"User logged in successfully"}
{"level":"info","message":"GET /dashboard"}
{"level":"info","message":"MongoDB Connected: ac-1msi4rb-shard-00-01.8ycuftc.mongodb.net","timestamp":"2025-04-21T12:12:06.528Z"}
{"errorLabelSet":{},"level":"error","message":"MongoDB connection error: Could not connect to any servers in your MongoDB Atlas cluster. One common reason is that you're trying to access the database from an IP that isn't whitelisted. Make sure your current IP address is on your Atlas cluster's IP whitelist: https://www.mongodb.com/docs/atlas/security-whitelist/","reason":{"commonWireVersion":0,"compatible":true,"heartbeatFrequencyMS":10000,"localThresholdMS":15,"logicalSessionTimeoutMinutes":null,"maxElectionId":null,"maxSetVersion":null,"servers":{"ac-1msi4rb-shard-00-00.8ycuftc.mongodb.net:27017":{"$clusterTime":null,"address":"ac-1msi4rb-shard-00-00.8ycuftc.mongodb.net:27017","arbiters":[],"electionId":null,"error":{"beforeHandshake":false,"errorLabelSet":{}},"hosts":[],"iscryptd":false,"lastUpdateTime":132012,"lastWriteDate":0,"logicalSessionTimeoutMinutes":null,"maxBsonObjectSize":null,"maxMessageSizeBytes":null,"maxWireVersion":0,"maxWriteBatchSize":null,"me":null,"minRoundTripTime":0,"minWireVersion":0,"passives":[],"primary":null,"roundTripTime":-1,"setName":null,"setVersion":null,"tags":{},"topologyVersion":null,"type":"Unknown"},"ac-1msi4rb-shard-00-01.8ycuftc.mongodb.net:27017":{"$clusterTime":null,"address":"ac-1msi4rb-shard-00-01.8ycuftc.mongodb.net:27017","arbiters":[],"electionId":null,"error":{"beforeHandshake":false,"errorLabelSet":{}},"hosts":[],"iscryptd":false,"lastUpdateTime":132008,"lastWriteDate":0,"logicalSessionTimeoutMinutes":null,"maxBsonObjectSize":null,"maxMessageSizeBytes":null,"maxWireVersion":0,"maxWriteBatchSize":null,"me":null,"minRoundTripTime":0,"minWireVersion":0,"passives":[],"primary":null,"roundTripTime":-1,"setName":null,"setVersion":null,"tags":{},"topologyVersion":null,"type":"Unknown"},"ac-1msi4rb-shard-00-02.8ycuftc.mongodb.net:27017":{"$clusterTime":null,"address":"ac-1msi4rb-shard-00-02.8ycuftc.mongodb.net:27017","arbiters":[],"electionId":null,"error":{"beforeHandshake":false,"errorLabelSet":{}},"hosts":[],"iscryptd":false,"lastUpdateTime":132280,"lastWriteDate":0,"logicalSessionTimeoutMinutes":null,"maxBsonObjectSize":null,"maxMessageSizeBytes":null,"maxWireVersion":0,"maxWriteBatchSize":null,"me":null,"minRoundTripTime":0,"minWireVersion":0,"passives":[],"primary":null,"roundTripTime":-1,"setName":null,"setVersion":null,"tags":{},"topologyVersion":null,"type":"Unknown"}},"setName":"atlas-nonh7b-shard-0","stale":false,"type":"ReplicaSetNoPrimary"},"stack":"MongooseServerSelectionError: Could not connect to any servers in your MongoDB Atlas cluster. One common reason is that you're trying to access the database from an IP that isn't whitelisted. Make sure your current IP address is on your Atlas cluster's IP whitelist: https://www.mongodb.com/docs/atlas/security-whitelist/\n    at _handleConnectionErrors (C:\\Users\\King\\OneDrive\\Documents\\FINALS_PROJECTS\\APPDEV\\express-jobportal-app-master\\node_modules\\mongoose\\lib\\connection.js:1165:11)\n    at NativeConnection.openUri (C:\\Users\\King\\OneDrive\\Documents\\FINALS_PROJECTS\\APPDEV\\express-jobportal-app-master\\node_modules\\mongoose\\lib\\connection.js:1096:11)\n    at async connectDB (C:\\Users\\King\\OneDrive\\Documents\\FINALS_PROJECTS\\APPDEV\\express-jobportal-app-master\\config\\db.js:30:22)","timestamp":"2025-04-22T01:17:44.797Z"}
{"errorLabelSet":{},"level":"error","message":"MongoDB connection error: Could not connect to any servers in your MongoDB Atlas cluster. One common reason is that you're trying to access the database from an IP that isn't whitelisted. Make sure your current IP address is on your Atlas cluster's IP whitelist: https://www.mongodb.com/docs/atlas/security-whitelist/","reason":{"commonWireVersion":0,"compatible":true,"heartbeatFrequencyMS":10000,"localThresholdMS":15,"logicalSessionTimeoutMinutes":null,"maxElectionId":null,"maxSetVersion":null,"servers":{"ac-1msi4rb-shard-00-00.8ycuftc.mongodb.net:27017":{"$clusterTime":null,"address":"ac-1msi4rb-shard-00-00.8ycuftc.mongodb.net:27017","arbiters":[],"electionId":null,"error":{"beforeHandshake":false,"errorLabelSet":{}},"hosts":[],"iscryptd":false,"lastUpdateTime":421587,"lastWriteDate":0,"logicalSessionTimeoutMinutes":null,"maxBsonObjectSize":null,"maxMessageSizeBytes":null,"maxWireVersion":0,"maxWriteBatchSize":null,"me":null,"minRoundTripTime":0,"minWireVersion":0,"passives":[],"primary":null,"roundTripTime":-1,"setName":null,"setVersion":null,"tags":{},"topologyVersion":null,"type":"Unknown"},"ac-1msi4rb-shard-00-01.8ycuftc.mongodb.net:27017":{"$clusterTime":null,"address":"ac-1msi4rb-shard-00-01.8ycuftc.mongodb.net:27017","arbiters":[],"electionId":null,"error":{"beforeHandshake":false,"errorLabelSet":{}},"hosts":[],"iscryptd":false,"lastUpdateTime":421068,"lastWriteDate":0,"logicalSessionTimeoutMinutes":null,"maxBsonObjectSize":null,"maxMessageSizeBytes":null,"maxWireVersion":0,"maxWriteBatchSize":null,"me":null,"minRoundTripTime":0,"minWireVersion":0,"passives":[],"primary":null,"roundTripTime":-1,"setName":null,"setVersion":null,"tags":{},"topologyVersion":null,"type":"Unknown"},"ac-1msi4rb-shard-00-02.8ycuftc.mongodb.net:27017":{"$clusterTime":null,"address":"ac-1msi4rb-shard-00-02.8ycuftc.mongodb.net:27017","arbiters":[],"electionId":null,"error":{"beforeHandshake":false,"errorLabelSet":{}},"hosts":[],"iscryptd":false,"lastUpdateTime":421558,"lastWriteDate":0,"logicalSessionTimeoutMinutes":null,"maxBsonObjectSize":null,"maxMessageSizeBytes":null,"maxWireVersion":0,"maxWriteBatchSize":null,"me":null,"minRoundTripTime":0,"minWireVersion":0,"passives":[],"primary":null,"roundTripTime":-1,"setName":null,"setVersion":null,"tags":{},"topologyVersion":null,"type":"Unknown"}},"setName":"atlas-nonh7b-shard-0","stale":false,"type":"ReplicaSetNoPrimary"},"stack":"MongooseServerSelectionError: Could not connect to any servers in your MongoDB Atlas cluster. One common reason is that you're trying to access the database from an IP that isn't whitelisted. Make sure your current IP address is on your Atlas cluster's IP whitelist: https://www.mongodb.com/docs/atlas/security-whitelist/\n    at _handleConnectionErrors (C:\\Users\\King\\OneDrive\\Documents\\FINALS_PROJECTS\\APPDEV\\express-jobportal-app-master\\node_modules\\mongoose\\lib\\connection.js:1165:11)\n    at NativeConnection.openUri (C:\\Users\\King\\OneDrive\\Documents\\FINALS_PROJECTS\\APPDEV\\express-jobportal-app-master\\node_modules\\mongoose\\lib\\connection.js:1096:11)\n    at async connectDB (C:\\Users\\King\\OneDrive\\Documents\\FINALS_PROJECTS\\APPDEV\\express-jobportal-app-master\\config\\db.js:30:22)","timestamp":"2025-04-22T01:22:33.808Z"}
{"errorLabelSet":{},"level":"error","message":"MongoDB connection error: Could not connect to any servers in your MongoDB Atlas cluster. One common reason is that you're trying to access the database from an IP that isn't whitelisted. Make sure your current IP address is on your Atlas cluster's IP whitelist: https://www.mongodb.com/docs/atlas/security-whitelist/","reason":{"commonWireVersion":0,"compatible":true,"heartbeatFrequencyMS":10000,"localThresholdMS":15,"logicalSessionTimeoutMinutes":null,"maxElectionId":null,"maxSetVersion":null,"servers":{"ac-1msi4rb-shard-00-00.8ycuftc.mongodb.net:27017":{"$clusterTime":null,"address":"ac-1msi4rb-shard-00-00.8ycuftc.mongodb.net:27017","arbiters":[],"electionId":null,"error":{"beforeHandshake":false,"errorLabelSet":{}},"hosts":[],"iscryptd":false,"lastUpdateTime":471617,"lastWriteDate":0,"logicalSessionTimeoutMinutes":null,"maxBsonObjectSize":null,"maxMessageSizeBytes":null,"maxWireVersion":0,"maxWriteBatchSize":null,"me":null,"minRoundTripTime":0,"minWireVersion":0,"passives":[],"primary":null,"roundTripTime":-1,"setName":null,"setVersion":null,"tags":{},"topologyVersion":null,"type":"Unknown"},"ac-1msi4rb-shard-00-01.8ycuftc.mongodb.net:27017":{"$clusterTime":null,"address":"ac-1msi4rb-shard-00-01.8ycuftc.mongodb.net:27017","arbiters":[],"electionId":null,"error":{"beforeHandshake":false,"errorLabelSet":{}},"hosts":[],"iscryptd":false,"lastUpdateTime":471520,"lastWriteDate":0,"logicalSessionTimeoutMinutes":null,"maxBsonObjectSize":null,"maxMessageSizeBytes":null,"maxWireVersion":0,"maxWriteBatchSize":null,"me":null,"minRoundTripTime":0,"minWireVersion":0,"passives":[],"primary":null,"roundTripTime":-1,"setName":null,"setVersion":null,"tags":{},"topologyVersion":null,"type":"Unknown"},"ac-1msi4rb-shard-00-02.8ycuftc.mongodb.net:27017":{"$clusterTime":null,"address":"ac-1msi4rb-shard-00-02.8ycuftc.mongodb.net:27017","arbiters":[],"electionId":null,"error":{"beforeHandshake":false,"errorLabelSet":{}},"hosts":[],"iscryptd":false,"lastUpdateTime":471603,"lastWriteDate":0,"logicalSessionTimeoutMinutes":null,"maxBsonObjectSize":null,"maxMessageSizeBytes":null,"maxWireVersion":0,"maxWriteBatchSize":null,"me":null,"minRoundTripTime":0,"minWireVersion":0,"passives":[],"primary":null,"roundTripTime":-1,"setName":null,"setVersion":null,"tags":{},"topologyVersion":null,"type":"Unknown"}},"setName":"atlas-nonh7b-shard-0","stale":false,"type":"ReplicaSetNoPrimary"},"stack":"MongooseServerSelectionError: Could not connect to any servers in your MongoDB Atlas cluster. One common reason is that you're trying to access the database from an IP that isn't whitelisted. Make sure your current IP address is on your Atlas cluster's IP whitelist: https://www.mongodb.com/docs/atlas/security-whitelist/\n    at _handleConnectionErrors (C:\\Users\\King\\OneDrive\\Documents\\FINALS_PROJECTS\\APPDEV\\express-jobportal-app-master\\node_modules\\mongoose\\lib\\connection.js:1165:11)\n    at NativeConnection.openUri (C:\\Users\\King\\OneDrive\\Documents\\FINALS_PROJECTS\\APPDEV\\express-jobportal-app-master\\node_modules\\mongoose\\lib\\connection.js:1096:11)\n    at async connectDB (C:\\Users\\King\\OneDrive\\Documents\\FINALS_PROJECTS\\APPDEV\\express-jobportal-app-master\\config\\db.js:30:22)","timestamp":"2025-04-22T01:23:23.882Z"}
{"errorLabelSet":{},"level":"error","message":"MongoDB connection error: Could not connect to any servers in your MongoDB Atlas cluster. One common reason is that you're trying to access the database from an IP that isn't whitelisted. Make sure your current IP address is on your Atlas cluster's IP whitelist: https://www.mongodb.com/docs/atlas/security-whitelist/","reason":{"commonWireVersion":0,"compatible":true,"heartbeatFrequencyMS":10000,"localThresholdMS":15,"logicalSessionTimeoutMinutes":null,"maxElectionId":null,"maxSetVersion":null,"servers":{"ac-1msi4rb-shard-00-00.8ycuftc.mongodb.net:27017":{"$clusterTime":null,"address":"ac-1msi4rb-shard-00-00.8ycuftc.mongodb.net:27017","arbiters":[],"electionId":null,"error":{"beforeHandshake":false,"errorLabelSet":{}},"hosts":[],"iscryptd":false,"lastUpdateTime":692032,"lastWriteDate":0,"logicalSessionTimeoutMinutes":null,"maxBsonObjectSize":null,"maxMessageSizeBytes":null,"maxWireVersion":0,"maxWriteBatchSize":null,"me":null,"minRoundTripTime":0,"minWireVersion":0,"passives":[],"primary":null,"roundTripTime":-1,"setName":null,"setVersion":null,"tags":{},"topologyVersion":null,"type":"Unknown"},"ac-1msi4rb-shard-00-01.8ycuftc.mongodb.net:27017":{"$clusterTime":null,"address":"ac-1msi4rb-shard-00-01.8ycuftc.mongodb.net:27017","arbiters":[],"electionId":null,"error":{"beforeHandshake":false,"errorLabelSet":{}},"hosts":[],"iscryptd":false,"lastUpdateTime":692021,"lastWriteDate":0,"logicalSessionTimeoutMinutes":null,"maxBsonObjectSize":null,"maxMessageSizeBytes":null,"maxWireVersion":0,"maxWriteBatchSize":null,"me":null,"minRoundTripTime":0,"minWireVersion":0,"passives":[],"primary":null,"roundTripTime":-1,"setName":null,"setVersion":null,"tags":{},"topologyVersion":null,"type":"Unknown"},"ac-1msi4rb-shard-00-02.8ycuftc.mongodb.net:27017":{"$clusterTime":null,"address":"ac-1msi4rb-shard-00-02.8ycuftc.mongodb.net:27017","arbiters":[],"electionId":null,"error":{"beforeHandshake":false,"errorLabelSet":{}},"hosts":[],"iscryptd":false,"lastUpdateTime":691898,"lastWriteDate":0,"logicalSessionTimeoutMinutes":null,"maxBsonObjectSize":null,"maxMessageSizeBytes":null,"maxWireVersion":0,"maxWriteBatchSize":null,"me":null,"minRoundTripTime":0,"minWireVersion":0,"passives":[],"primary":null,"roundTripTime":-1,"setName":null,"setVersion":null,"tags":{},"topologyVersion":null,"type":"Unknown"}},"setName":"atlas-nonh7b-shard-0","stale":false,"type":"ReplicaSetNoPrimary"},"stack":"MongooseServerSelectionError: Could not connect to any servers in your MongoDB Atlas cluster. One common reason is that you're trying to access the database from an IP that isn't whitelisted. Make sure your current IP address is on your Atlas cluster's IP whitelist: https://www.mongodb.com/docs/atlas/security-whitelist/\n    at _handleConnectionErrors (C:\\Users\\King\\OneDrive\\Documents\\FINALS_PROJECTS\\APPDEV\\express-jobportal-app-master\\node_modules\\mongoose\\lib\\connection.js:1165:11)\n    at NativeConnection.openUri (C:\\Users\\King\\OneDrive\\Documents\\FINALS_PROJECTS\\APPDEV\\express-jobportal-app-master\\node_modules\\mongoose\\lib\\connection.js:1096:11)\n    at async connectDB (C:\\Users\\King\\OneDrive\\Documents\\FINALS_PROJECTS\\APPDEV\\express-jobportal-app-master\\config\\db.js:30:22)","timestamp":"2025-04-22T01:27:04.756Z"}
{"level":"info","message":"MongoDB Connected: ac-1msi4rb-shard-00-00.8ycuftc.mongodb.net","timestamp":"2025-04-22T01:42:11.199Z"}
{"level":"info","message":"Mongoose disconnected from MongoDB","timestamp":"2025-04-22T01:43:05.163Z"}
{"level":"info","message":"MongoDB Connected: ac-1msi4rb-shard-00-00.8ycuftc.mongodb.net","timestamp":"2025-04-22T02:53:59.062Z"}
{"level":"info","message":"Mongoose disconnected from MongoDB","timestamp":"2025-04-22T03:12:50.786Z"}
{"level":"info","message":"MongoDB Connected: ac-1msi4rb-shard-00-00.8ycuftc.mongodb.net","timestamp":"2025-04-22T03:12:55.545Z"}
{"level":"info","message":"Mongoose disconnected from MongoDB","timestamp":"2025-04-22T03:29:21.521Z"}
{"level":"info","message":"MongoDB Connected: ac-1msi4rb-shard-00-00.8ycuftc.mongodb.net","timestamp":"2025-04-22T03:29:31.922Z"}
{"level":"info","message":"Mongoose disconnected from MongoDB","timestamp":"2025-04-22T03:50:56.555Z"}
{"level":"info","message":"MongoDB Connected: ac-1msi4rb-shard-00-00.8ycuftc.mongodb.net","timestamp":"2025-04-22T03:51:03.375Z"}
